
> build
> npx prisma generate && next build

Loaded Prisma config from prisma.config.ts.

Prisma schema loaded from prisma\schema.prisma.

✔ Generated Prisma Client (v7.6.0) to .\node_modules\@prisma\client in 1.48s

Start by importing your Prisma Client (See: https://pris.ly/d/importing-client)


node:internal/modules/cjs/loader:1458
  throw err;
  ^

Error: Cannot find module 'C:\fur\inEthioTelecom\issue-tracker-webapp\node_modules\next\dist\bin\next'
    at Module._resolveFilename (node:internal/modules/cjs/loader:1455:15)
    at defaultResolveImpl (node:internal/modules/cjs/loader:1065:19)
    at resolveForCJSWithHooks (node:internal/modules/cjs/loader:1070:22)
    at Module._load (node:internal/modules/cjs/loader:1241:25)
    at wrapModuleLoad (node:internal/modules/cjs/loader:255:19)
    at Module.executeUserEntryPoint [as runMain] (node:internal/modules/run_main:154:5)
    at node:internal/main/run_main_module:33:47 {
  code: 'MODULE_NOT_FOUND',
  requireStack: []
}

Node.js v25.7.0
